Vivado Simulator 2019.2
Time resolution is 1 ps
LED output matched at                  60
LED output matched at                 120
LED output matched at                 180
LED output matched at                 240
LED output mis-matched at                  300: expected: 00000001, actual: 00001101
LED output mis-matched at                  360: expected: 00000111, actual: 00001111
LED output mis-matched at                  420: expected: 00001101, actual: 00000001
LED output mis-matched at                  480: expected: 00001101, actual: 00000001
LED output matched at                 540
LED output matched at                 600
LED output matched at                 660
LED output matched at                 720
LED output mis-matched at                  780: expected: 00010001, actual: 00011101
LED output mis-matched at                  840: expected: 00010111, actual: 00011111
LED output mis-matched at                  900: expected: 00011101, actual: 00010001
LED output mis-matched at                  960: expected: 00011101, actual: 00010001
LED output matched at                  60
LED output matched at                 120
LED output matched at                 180
LED output matched at                 240
LED output mis-matched at                  300: expected: 00000001, actual: 00001101
LED output mis-matched at                  360: expected: 00000111, actual: 00001111
LED output mis-matched at                  420: expected: 00001101, actual: 00000001
LED output mis-matched at                  480: expected: 00001101, actual: 00000001
